E:\PROJECTS\SQUIRREL.NET\SQUIRRELNET\SQUIRRELNET\RELEASE\.NETFRAMEWORK,VERSION=V4.5.ASSEMBLYATTRIBUTES.OBJ
E:\PROJECTS\SQUIRREL.NET\SQUIRRELNET\SQUIRRELNET\RELEASE\VC110.PDB
E:\PROJECTS\SQUIRREL.NET\SQUIRRELNET\SQUIRRELNET\RELEASE\VM.OBJ
E:\PROJECTS\SQUIRREL.NET\SQUIRRELNET\SQUIRRELNET\RELEASE\STACK.OBJ
E:\PROJECTS\SQUIRREL.NET\SQUIRRELNET\SQUIRRELNET\RELEASE\OBJECTMANIPULATION.OBJ
E:\PROJECTS\SQUIRREL.NET\SQUIRRELNET\SQUIRRELNET\RELEASE\SQSTD.OBJ
E:\PROJECTS\SQUIRREL.NET\SQUIRRELNET\SQUIRRELNET\RELEASE\OBJECTHANDLING.OBJ
E:\PROJECTS\SQUIRREL.NET\SQUIRRELNET\SQUIRRELNET\RELEASE\OBJECTCREATION.OBJ
E:\PROJECTS\SQUIRREL.NET\SQUIRRELNET\SQUIRRELNET\RELEASE\MISC.OBJ
E:\PROJECTS\SQUIRREL.NET\SQUIRRELNET\SQUIRRELNET\RELEASE\COMPILER.OBJ
E:\PROJECTS\SQUIRREL.NET\SQUIRRELNET\SQUIRRELNET\RELEASE\CALLS.OBJ
E:\PROJECTS\SQUIRREL.NET\SQUIRRELNET\SQUIRRELNET\RELEASE\SQUIRRELNET.PCH
E:\PROJECTS\SQUIRREL.NET\SQUIRRELNET\SQUIRRELNET\RELEASE\STDAFX.OBJ
E:\PROJECTS\SQUIRREL.NET\SQUIRRELNET\SQUIRRELNET\RELEASE\SQVM.OBJ
E:\PROJECTS\SQUIRREL.NET\SQUIRRELNET\SQUIRRELNET\RELEASE\SQTABLE.OBJ
E:\PROJECTS\SQUIRREL.NET\SQUIRRELNET\SQUIRRELNET\RELEASE\SQSTATE.OBJ
E:\PROJECTS\SQUIRREL.NET\SQUIRRELNET\SQUIRRELNET\RELEASE\SQOBJECT.OBJ
E:\PROJECTS\SQUIRREL.NET\SQUIRRELNET\SQUIRRELNET\RELEASE\SQMEM.OBJ
E:\PROJECTS\SQUIRREL.NET\SQUIRRELNET\SQUIRRELNET\RELEASE\SQLEXER.OBJ
E:\PROJECTS\SQUIRREL.NET\SQUIRRELNET\SQUIRRELNET\RELEASE\SQFUNCSTATE.OBJ
E:\PROJECTS\SQUIRREL.NET\SQUIRRELNET\SQUIRRELNET\RELEASE\SQDEBUG.OBJ
E:\PROJECTS\SQUIRREL.NET\SQUIRRELNET\SQUIRRELNET\RELEASE\SQCOMPILER.OBJ
E:\PROJECTS\SQUIRREL.NET\SQUIRRELNET\SQUIRRELNET\RELEASE\SQCLASS.OBJ
E:\PROJECTS\SQUIRREL.NET\SQUIRRELNET\SQUIRRELNET\RELEASE\SQBASELIB.OBJ
E:\PROJECTS\SQUIRREL.NET\SQUIRRELNET\SQUIRRELNET\RELEASE\SQAPI.OBJ
E:\PROJECTS\SQUIRREL.NET\SQUIRRELNET\SQUIRRELNET\RELEASE\SQSTDSYSTEM.OBJ
E:\PROJECTS\SQUIRREL.NET\SQUIRRELNET\SQUIRRELNET\RELEASE\SQSTDSTRING.OBJ
E:\PROJECTS\SQUIRREL.NET\SQUIRRELNET\SQUIRRELNET\RELEASE\SQSTDSTREAM.OBJ
E:\PROJECTS\SQUIRREL.NET\SQUIRRELNET\SQUIRRELNET\RELEASE\SQSTDREX.OBJ
E:\PROJECTS\SQUIRREL.NET\SQUIRRELNET\SQUIRRELNET\RELEASE\SQSTDMATH.OBJ
E:\PROJECTS\SQUIRREL.NET\SQUIRRELNET\SQUIRRELNET\RELEASE\SQSTDIO.OBJ
E:\PROJECTS\SQUIRREL.NET\SQUIRRELNET\SQUIRRELNET\RELEASE\SQSTDBLOB.OBJ
E:\PROJECTS\SQUIRREL.NET\SQUIRRELNET\SQUIRRELNET\RELEASE\SQSTDAUX.OBJ
E:\PROJECTS\SQUIRREL.NET\SQUIRRELNET\SQUIRRELNET\RELEASE\ASSEMBLYINFO.OBJ
E:\PROJECTS\SQUIRREL.NET\SQUIRRELNET\SQUIRRELNET\RELEASE\APP.RES
E:\Projects\Squirrel.NET\SquirrelNET\SquirrelNET\Release\.NETFramework,Version=v4.5.AssemblyAttributes.obj
E:\Projects\Squirrel.NET\SquirrelNET\SquirrelNET\Release\AssemblyInfo.obj
E:\Projects\Squirrel.NET\SquirrelNET\SquirrelNET\Release\Calls.obj
E:\Projects\Squirrel.NET\SquirrelNET\SquirrelNET\Release\Compiler.obj
E:\Projects\Squirrel.NET\SquirrelNET\SquirrelNET\Release\Misc.obj
E:\Projects\Squirrel.NET\SquirrelNET\SquirrelNET\Release\ObjectCreation.obj
E:\Projects\Squirrel.NET\SquirrelNET\SquirrelNET\Release\ObjectHandling.obj
E:\Projects\Squirrel.NET\SquirrelNET\SquirrelNET\Release\ObjectManipulation.obj
E:\Projects\Squirrel.NET\SquirrelNET\SquirrelNET\Release\sqapi.obj
E:\Projects\Squirrel.NET\SquirrelNET\SquirrelNET\Release\sqbaselib.obj
E:\Projects\Squirrel.NET\SquirrelNET\SquirrelNET\Release\sqclass.obj
E:\Projects\Squirrel.NET\SquirrelNET\SquirrelNET\Release\sqcompiler.obj
E:\Projects\Squirrel.NET\SquirrelNET\SquirrelNET\Release\sqdebug.obj
E:\Projects\Squirrel.NET\SquirrelNET\SquirrelNET\Release\sqfuncstate.obj
E:\Projects\Squirrel.NET\SquirrelNET\SquirrelNET\Release\sqlexer.obj
E:\Projects\Squirrel.NET\SquirrelNET\SquirrelNET\Release\sqmem.obj
E:\Projects\Squirrel.NET\SquirrelNET\SquirrelNET\Release\sqobject.obj
E:\Projects\Squirrel.NET\SquirrelNET\SquirrelNET\Release\sqstate.obj
E:\Projects\Squirrel.NET\SquirrelNET\SquirrelNET\Release\SqStd.obj
E:\Projects\Squirrel.NET\SquirrelNET\SquirrelNET\Release\sqstdaux.obj
E:\Projects\Squirrel.NET\SquirrelNET\SquirrelNET\Release\sqstdblob.obj
E:\Projects\Squirrel.NET\SquirrelNET\SquirrelNET\Release\sqstdio.obj
E:\Projects\Squirrel.NET\SquirrelNET\SquirrelNET\Release\sqstdmath.obj
E:\Projects\Squirrel.NET\SquirrelNET\SquirrelNET\Release\sqstdrex.obj
E:\Projects\Squirrel.NET\SquirrelNET\SquirrelNET\Release\sqstdstream.obj
E:\Projects\Squirrel.NET\SquirrelNET\SquirrelNET\Release\sqstdstring.obj
E:\Projects\Squirrel.NET\SquirrelNET\SquirrelNET\Release\sqstdsystem.obj
E:\Projects\Squirrel.NET\SquirrelNET\SquirrelNET\Release\sqtable.obj
E:\Projects\Squirrel.NET\SquirrelNET\SquirrelNET\Release\sqvm.obj
E:\Projects\Squirrel.NET\SquirrelNET\SquirrelNET\Release\Stack.obj
E:\Projects\Squirrel.NET\SquirrelNET\SquirrelNET\Release\Stdafx.obj
E:\Projects\Squirrel.NET\SquirrelNET\SquirrelNET\Release\VM.obj
E:\Projects\Squirrel.NET\SquirrelNET\SquirrelNET\Release\cl.command.1.tlog
E:\Projects\Squirrel.NET\SquirrelNET\SquirrelNET\Release\CL.read.1.tlog
E:\Projects\Squirrel.NET\SquirrelNET\SquirrelNET\Release\CL.write.1.tlog
E:\Projects\Squirrel.NET\SquirrelNET\SquirrelNET\Release\link-cvtres.read.1.tlog
E:\Projects\Squirrel.NET\SquirrelNET\SquirrelNET\Release\link-cvtres.write.1.tlog
E:\Projects\Squirrel.NET\SquirrelNET\SquirrelNET\Release\link-rc.read.1.tlog
E:\Projects\Squirrel.NET\SquirrelNET\SquirrelNET\Release\link-rc.write.1.tlog
E:\Projects\Squirrel.NET\SquirrelNET\SquirrelNET\Release\link.command.1.tlog
E:\Projects\Squirrel.NET\SquirrelNET\SquirrelNET\Release\link.read.1.tlog
E:\Projects\Squirrel.NET\SquirrelNET\SquirrelNET\Release\link.write.1.tlog
E:\Projects\Squirrel.NET\SquirrelNET\SquirrelNET\Release\metagen.read.1.tlog
E:\Projects\Squirrel.NET\SquirrelNET\SquirrelNET\Release\metagen.write.1.tlog
E:\Projects\Squirrel.NET\SquirrelNET\SquirrelNET\Release\rc.command.1.tlog
E:\Projects\Squirrel.NET\SquirrelNET\SquirrelNET\Release\rc.read.1.tlog
E:\Projects\Squirrel.NET\SquirrelNET\SquirrelNET\Release\rc.write.1.tlog
E:\Projects\Squirrel.NET\SquirrelNET\SquirrelNET\Release\app.res
E:\Projects\Squirrel.NET\SquirrelNET\SquirrelNET\Release\SquirrelNET.pch
E:\Projects\Squirrel.NET\SquirrelNET\SquirrelNET\Release\vc110.pdb
E:\Projects\Squirrel.NET\SquirrelNET\SquirrelNET\Release\TZRES.DLL.bi
